[INFO ] 2023-12-20 15:23:14.726 [main] logs - website open
[INFO ] 2023-12-20 15:23:14.913 [main] logs - get title verification
[INFO ] 2023-12-20 15:25:42.994 [main] logs - website open
[INFO ] 2023-12-20 15:25:43.172 [main] logs - get title verification
[INFO ] 2023-12-20 15:28:43.910 [main] logs - website open
[INFO ] 2023-12-20 15:28:44.145 [main] logs - get title verification
[INFO ] 2023-12-20 15:35:18.596 [main] logs - website open
[INFO ] 2023-12-20 15:37:01.439 [main] logs - website open
[INFO ] 2023-12-20 15:39:12.888 [main] logs - website open
[INFO ] 2023-12-20 15:39:13.076 [main] logs - get title verification
[INFO ] 2023-12-20 15:44:18.710 [main] logs - website open
[INFO ] 2023-12-20 15:45:30.679 [main] logs - website open
[INFO ] 2023-12-20 15:46:31.121 [main] logs - website open
[INFO ] 2023-12-20 16:00:35.031 [main] logs - website open
[INFO ] 2023-12-20 16:00:56.801 [main] logs - website open
[INFO ] 2023-12-20 16:03:35.290 [main] logs - website open
[INFO ] 2023-12-20 16:06:30.327 [main] logs - website open
[INFO ] 2023-12-20 16:07:50.875 [main] logs - website open
[INFO ] 2023-12-20 16:08:41.175 [main] logs - website open
[INFO ] 2023-12-20 17:06:23.209 [main] logs - website open
[INFO ] 2023-12-20 17:08:55.773 [main] logs - website open
[INFO ] 2023-12-20 17:10:35.242 [main] logs - website open
[INFO ] 2023-12-20 17:11:55.125 [main] logs - website open
[INFO ] 2023-12-20 17:14:16.497 [main] logs - website open
[INFO ] 2023-12-20 17:15:14.170 [main] logs - website open
[INFO ] 2023-12-20 17:18:08.466 [main] logs - website open
[INFO ] 2023-12-20 17:19:15.702 [main] logs - website open
[INFO ] 2023-12-20 17:20:53.044 [main] logs - website open
[INFO ] 2023-12-20 17:24:21.294 [main] logs - website open
[INFO ] 2023-12-20 17:29:55.256 [main] logs - website open
[INFO ] 2023-12-20 17:29:55.543 [main] logs - get title verification
[INFO ] 2023-12-20 17:30:45.036 [main] logs - website open
[INFO ] 2023-12-20 17:30:45.304 [main] logs - get title verification
[INFO ] 2023-12-20 17:57:22.153 [main] logs - website open
[INFO ] 2023-12-20 17:57:22.362 [main] logs - get title verification
[INFO ] 2023-12-20 18:00:52.041 [main] logs - website open
[INFO ] 2023-12-20 18:03:13.707 [main] logs - website open
[INFO ] 2023-12-20 18:48:53.400 [main] logs - website open
[INFO ] 2023-12-20 19:00:46.486 [main] logs - website open
[INFO ] 2023-12-20 19:00:48.921 [main] logs - Email Id Field Display Valid
[INFO ] 2023-12-20 19:03:33.178 [main] logs - website open
[INFO ] 2023-12-20 19:05:22.119 [main] logs - website open
[INFO ] 2023-12-20 19:16:49.041 [main] logs - website open
[INFO ] 2023-12-20 19:26:21.360 [main] logs - website open
[INFO ] 2023-12-20 19:28:44.879 [main] logs - website open
[INFO ] 2023-12-20 19:29:13.711 [main] logs - website open
[INFO ] 2023-12-21 23:31:57.744 [main] logs - website open
[INFO ] 2023-12-21 23:33:39.197 [main] logs - website open
[INFO ] 2023-12-22 11:47:29.208 [main] logs - website open
[INFO ] 2023-12-22 11:49:03.263 [main] logs - website open
[INFO ] 2023-12-22 11:50:05.696 [main] logs - website open
[INFO ] 2023-12-22 11:50:42.829 [main] logs - website open
[INFO ] 2023-12-22 11:53:06.365 [main] logs - website open
[INFO ] 2023-12-22 11:58:45.131 [main] logs - website open
[INFO ] 2023-12-22 12:20:33.612 [main] logs - website open
[INFO ] 2023-12-22 19:11:39.752 [main] logs - get title verification
[INFO ] 2023-12-22 19:26:32.620 [main] logs - get title verification
[INFO ] 2023-12-22 19:43:23.583 [main] logs - get title verification
[INFO ] 2023-12-22 19:52:26.362 [main] logs - get title verification
[INFO ] 2023-12-22 19:54:27.631 [main] logs - get title verification
[INFO ] 2023-12-22 20:02:19.731 [main] logs - get title verification
[INFO ] 2023-12-22 20:05:02.694 [main] logs - get title verification
[INFO ] 2023-12-22 20:09:07.226 [main] logs - get title verification
[INFO ] 2023-12-22 20:10:23.608 [main] logs - get title verification
[INFO ] 2023-12-22 20:12:47.745 [main] logs - get title verification
[INFO ] 2023-12-22 20:13:09.920 [main] logs - get title verification
[INFO ] 2023-12-22 20:20:15.477 [main] logs - get title verification
[INFO ] 2023-12-22 20:21:24.388 [main] logs - get title verification
[INFO ] 2023-12-22 20:27:07.490 [main] logs - get title verification
[INFO ] 2023-12-22 20:27:37.366 [main] logs - get title verification
[INFO ] 2023-12-22 20:28:08.382 [main] logs - get title verification
[INFO ] 2023-12-22 20:29:41.176 [main] logs - get title verification
[INFO ] 2023-12-22 20:30:40.131 [main] logs - get title verification
[INFO ] 2023-12-22 20:31:12.547 [main] logs - get title verification
[INFO ] 2023-12-22 20:32:22.380 [main] logs - get title verification
[INFO ] 2023-12-22 20:35:46.794 [main] logs - get title verification
[INFO ] 2023-12-22 20:38:40.911 [main] logs - get title verification
[INFO ] 2023-12-22 20:39:49.907 [main] logs - get title verification
[INFO ] 2023-12-22 20:40:16.104 [main] logs - get title verification
[INFO ] 2023-12-22 20:40:46.671 [main] logs - get title verification
[INFO ] 2023-12-22 21:03:22.028 [main] logs - Email Id Field Display Valid
[INFO ] 2023-12-22 21:03:29.729 [main] logs - first name field
[INFO ] 2023-12-22 21:10:17.036 [main] logs - Email Id Field Display Valid
[INFO ] 2023-12-22 21:10:49.987 [main] logs - Email Id Field Display Valid
[INFO ] 2023-12-23 16:28:36.515 [main] logs - Email Id Field Display Valid
[INFO ] 2023-12-23 16:28:47.066 [main] logs - first name field
[INFO ] 2023-12-23 16:28:50.894 [main] logs - found error
[INFO ] 2023-12-23 16:30:14.843 [main] logs - Email Id Field Display Valid
[INFO ] 2023-12-23 16:30:25.452 [main] logs - first name field
[INFO ] 2023-12-24 01:06:29.414 [main] logs - Email Id Field Display Valid
[INFO ] 2023-12-24 01:07:15.600 [main] logs - found error
[INFO ] 2023-12-24 01:13:30.958 [main] logs - Email Id Field Display Valid
[INFO ] 2023-12-24 01:13:41.055 [main] logs - first name field
[INFO ] 2023-12-24 01:13:44.949 [main] logs - found error
[INFO ] 2023-12-26 11:57:28.799 [main] logs - Email Id Field Display Valid
[INFO ] 2023-12-26 11:59:37.771 [main] logs - get title verification
[INFO ] 2023-12-26 12:00:17.153 [main] logs - get title verification
[INFO ] 2023-12-26 12:00:41.047 [main] logs - get title verification
[INFO ] 2023-12-27 17:27:30.606 [main] logs - get title verification
[INFO ] 2023-12-27 17:30:58.334 [main] logs - get title verification
[INFO ] 2023-12-27 17:35:03.693 [main] logs - get title verification
[INFO ] 2023-12-27 17:42:25.181 [main] logs - get title verification
[INFO ] 2023-12-27 20:01:44.408 [main] logs - get title verification
[INFO ] 2023-12-27 20:03:20.815 [main] logs - get title verification
[INFO ] 2023-12-27 20:05:25.053 [main] logs - get title verification
[INFO ] 2023-12-27 20:07:47.863 [main] logs - get title verification
[INFO ] 2023-12-27 20:08:46.895 [main] logs - get title verification
[INFO ] 2023-12-27 20:10:35.651 [main] logs - get title verification
[INFO ] 2023-12-27 20:11:51.616 [main] logs - get title verification
[INFO ] 2023-12-27 20:37:05.394 [main] logs - get title verification
[INFO ] 2023-12-27 20:37:56.435 [main] logs - get title verification
[INFO ] 2023-12-27 20:38:53.958 [main] logs - get title verification
[INFO ] 2023-12-27 20:40:21.420 [main] logs - get title verification
[INFO ] 2023-12-27 20:47:38.839 [main] logs - get title verification
[INFO ] 2023-12-27 20:48:11.607 [main] logs - get title verification
[INFO ] 2023-12-27 20:53:32.841 [main] logs - get title verification
[INFO ] 2023-12-27 21:09:24.024 [main] logs - Email Id Field Display Valid
[INFO ] 2023-12-27 21:16:11.640 [main] logs - get title verification
[INFO ] 2023-12-27 21:37:33.649 [main] logs - get title verification
[INFO ] 2023-12-27 21:41:10.881 [main] logs - get title verification
[INFO ] 2023-12-27 23:36:23.228 [main] logs - get title verification
[INFO ] 2024-01-13 17:03:57.223 [main] logs - get title verification
[INFO ] 2024-01-13 17:04:54.702 [main] logs - get title verification
[INFO ] 2024-01-13 17:10:15.049 [main] logs - get title verification
[INFO ] 2024-01-13 17:11:48.614 [main] logs - get title verification
[INFO ] 2024-01-13 17:24:16.595 [main] logs - get title verification
[INFO ] 2024-01-13 17:31:14.956 [main] logs - get title verification
[INFO ] 2024-01-13 17:35:10.318 [main] logs - get title verification
[INFO ] 2024-01-13 17:38:06.110 [main] logs - get title verification
[INFO ] 2024-01-13 17:53:38.268 [main] logs - get title verification
[INFO ] 2024-01-13 17:54:32.456 [main] logs - get title verification
[INFO ] 2024-01-13 17:55:29.738 [main] logs - get title verification
[INFO ] 2024-01-13 17:56:53.310 [main] logs - get title verification
[INFO ] 2024-01-13 17:57:39.952 [main] logs - get title verification
[INFO ] 2024-01-13 17:58:43.163 [main] logs - get title verification
[INFO ] 2024-01-14 07:18:52.924 [main] logs - get title verification
[INFO ] 2024-01-14 07:24:53.917 [main] logs - get title verification
[INFO ] 2024-01-14 07:27:08.603 [main] logs - get title verification
[INFO ] 2024-01-14 07:38:59.581 [main] logs - get title verification
[INFO ] 2024-01-14 07:46:14.877 [main] logs - get title verification
[INFO ] 2024-01-14 07:47:49.180 [main] logs - get title verification
[INFO ] 2024-01-14 07:53:31.862 [main] logs - get title verification
[INFO ] 2024-01-14 07:58:46.319 [main] logs - get title verification
[INFO ] 2024-01-14 08:06:44.137 [main] logs - get title verification
[INFO ] 2024-01-14 08:11:03.283 [main] logs - get title verification
[INFO ] 2024-01-14 10:19:50.532 [main] logs - get title verification
[INFO ] 2024-01-14 10:23:18.459 [main] logs - get title verification
[INFO ] 2024-01-14 10:24:09.910 [main] logs - get title verification
[INFO ] 2024-01-14 10:25:03.211 [main] logs - get title verification
[INFO ] 2024-01-14 10:26:20.050 [main] logs - get title verification
[INFO ] 2024-01-14 10:29:28.986 [main] logs - get title verification
[INFO ] 2024-01-14 10:31:55.070 [main] logs - get title verification
[INFO ] 2024-01-14 11:12:19.761 [main] logs - get title verification
[INFO ] 2024-01-14 11:12:36.265 [main] logs - get title verification
[INFO ] 2024-01-14 19:04:10.929 [main] logs - get title verification
[INFO ] 2024-01-14 19:08:16.061 [main] logs - get title verification
[INFO ] 2024-01-14 19:11:14.201 [main] logs - get title verification
[INFO ] 2024-01-14 19:14:16.756 [main] logs - get title verification
[INFO ] 2024-01-14 19:16:05.826 [main] logs - get title verification
[INFO ] 2024-01-14 19:18:56.754 [main] logs - get title verification
[INFO ] 2024-01-14 19:24:53.295 [main] logs - get title verification
[INFO ] 2024-01-14 19:54:33.686 [main] logs - get title verification
[INFO ] 2024-01-14 19:56:21.442 [main] logs - get title verification
[INFO ] 2024-01-14 20:05:13.157 [main] logs - get title verification
[INFO ] 2024-01-14 20:09:58.448 [main] logs - get title verification
[INFO ] 2024-01-14 20:16:59.310 [main] logs - get title verification
[INFO ] 2024-01-14 20:18:47.031 [main] logs - get title verification
[INFO ] 2024-01-14 20:22:30.233 [main] logs - get title verification
[INFO ] 2024-01-14 20:23:47.728 [main] logs - get title verification
[INFO ] 2024-01-14 20:34:47.065 [main] logs - get title verification
[INFO ] 2024-01-14 20:35:40.286 [main] logs - get title verification
[INFO ] 2024-01-15 00:02:38.626 [main] logs - get title verification
[INFO ] 2024-01-15 00:03:50.676 [main] logs - get title verification
[INFO ] 2024-01-15 00:04:46.348 [main] logs - get title verification
[INFO ] 2024-01-15 00:14:48.321 [main] logs - get title verification
[INFO ] 2024-01-15 00:23:13.186 [main] logs - get title verification
[INFO ] 2024-01-15 00:25:26.187 [main] logs - get title verification
[INFO ] 2024-01-15 00:26:29.961 [main] logs - get title verification
[INFO ] 2024-01-15 00:27:51.369 [main] logs - get title verification
[INFO ] 2024-01-17 16:46:39.863 [main] logs - get title verification
[INFO ] 2024-01-17 16:48:46.019 [main] logs - get title verification
[INFO ] 2024-01-17 17:03:29.941 [main] logs - get title verification
[INFO ] 2024-01-17 17:16:37.187 [main] logs - get title verification
[INFO ] 2024-01-17 17:27:31.114 [main] logs - get title verification
[INFO ] 2024-01-17 17:33:16.897 [main] logs - get title verification
[INFO ] 2024-01-17 17:36:51.533 [main] logs - get title verification
[INFO ] 2024-01-17 17:41:39.735 [main] logs - get title verification
[INFO ] 2024-01-18 12:30:45.224 [main] logs - get title verification
[INFO ] 2024-01-18 17:18:27.379 [main] logs - log in page url open
[INFO ] 2024-01-18 17:21:29.054 [main] logs - log in page url open
[INFO ] 2024-01-18 17:21:40.477 [main] logs - log out done
[INFO ] 2024-01-18 17:23:31.961 [main] logs - log in page url open
[INFO ] 2024-01-18 17:25:17.473 [main] logs - log in page url open
[INFO ] 2024-01-18 17:28:24.587 [main] logs - log in page url open
[INFO ] 2024-01-18 17:28:36.202 [main] logs - log out done
[INFO ] 2024-01-18 17:29:10.133 [main] logs - log in page url open
[INFO ] 2024-01-18 17:31:26.758 [main] logs - log in page url open
[INFO ] 2024-01-18 17:32:38.287 [main] logs - log in page url open
[INFO ] 2024-01-18 17:34:11.847 [main] logs - log in page url open
[INFO ] 2024-01-18 17:37:45.298 [main] logs - log in page url open
[INFO ] 2024-01-18 17:40:56.993 [main] logs - log in page url open
[INFO ] 2024-01-18 17:43:18.473 [main] logs - log in page url open
[INFO ] 2024-02-18 13:20:12.120 [main] logs - get title verification
[INFO ] 2024-02-18 13:25:22.558 [main] logs - get title verification
[INFO ] 2024-03-07 15:38:42.221 [main] logs - get title verification
[INFO ] 2024-03-09 13:25:00.800 [main] logs - get title verification
[INFO ] 2024-03-09 13:31:44.881 [main] logs - get title verification
[INFO ] 2024-03-09 13:45:58.999 [main] logs - get title verification
[INFO ] 2024-03-09 14:14:06.843 [main] logs - get title verification
[INFO ] 2024-03-09 14:15:59.447 [main] logs - get title verification
[INFO ] 2024-03-09 14:18:51.541 [main] logs - get title verification
[INFO ] 2024-03-11 12:47:14.179 [main] logs - get title verification
[INFO ] 2024-03-14 13:37:59.425 [main] logs - get title verification
[INFO ] 2024-03-14 13:37:59.703 [main] logs - get title verification
[INFO ] 2024-03-14 13:37:59.778 [main] logs - get title verification
[INFO ] 2024-03-14 13:38:45.904 [main] logs - get title verification
[INFO ] 2024-03-14 13:38:46.240 [main] logs - get title verification
[INFO ] 2024-03-14 13:38:46.409 [main] logs - get title verification
[INFO ] 2024-03-18 17:45:17.394 [main] logs - get title verification
[INFO ] 2024-03-18 17:49:32.455 [main] logs - get title verification
[INFO ] 2024-03-19 17:20:21.738 [main] logs - get title verification
[INFO ] 2024-03-19 17:55:02.684 [main] logs - get title verification
[INFO ] 2024-03-19 18:10:32.376 [main] logs - get title verification
[INFO ] 2024-04-04 13:52:57.587 [main] logs - get title verification
[INFO ] 2024-04-17 17:44:26.213 [main] logs - get title verification
[INFO ] 2024-04-30 18:07:32.864 [main] logs - get title verification
[INFO ] 2024-04-30 22:43:54.086 [main] logs - get title verification
[INFO ] 2024-04-30 23:45:21.211 [main] logs - get title verification
[INFO ] 2024-05-01 00:58:03.250 [main] logs - get title verification
[INFO ] 2024-05-01 01:01:23.175 [main] logs - get title verification
[INFO ] 2024-05-02 16:59:55.150 [main] logs - get title verification
[INFO ] 2024-05-02 17:02:57.796 [main] logs - get title verification
[INFO ] 2024-05-02 17:08:40.592 [main] logs - get title verification
[INFO ] 2024-05-02 17:08:58.796 [main] logs - get title verification
[INFO ] 2024-05-02 17:43:47.793 [main] logs - get title verification
[INFO ] 2024-05-02 17:55:39.359 [main] logs - get title verification
[INFO ] 2024-05-03 17:20:39.969 [main] logs - get title verification
[INFO ] 2024-05-04 00:02:53.357 [TestNG-tests-2] logs - get title verification
[INFO ] 2024-05-04 00:04:37.186 [TestNG-tests-1] logs - get title verification
[INFO ] 2024-05-04 00:06:08.639 [TestNG-tests-1] logs - get title verification
[INFO ] 2024-05-04 00:08:10.628 [TestNG-tests-1] logs - get title verification
[INFO ] 2024-05-04 00:16:00.013 [TestNG-tests-1] logs - get title verification
[INFO ] 2024-05-04 00:22:20.963 [main] logs - get title verification
[INFO ] 2024-05-04 00:22:44.007 [main] logs - get title verification
[INFO ] 2024-05-04 00:24:08.207 [main] logs - get title verification
[INFO ] 2024-05-04 00:24:28.122 [main] logs - get title verification
[INFO ] 2024-05-04 00:27:00.412 [main] logs - get title verification
[INFO ] 2024-05-04 00:27:20.827 [main] logs - get title verification
[INFO ] 2024-05-04 00:38:34.142 [main] logs - get title verification
[INFO ] 2024-05-04 00:38:54.358 [main] logs - get title verification
[INFO ] 2024-05-05 16:57:41.127 [main] logs - get title verification
[INFO ] 2024-05-05 16:58:03.717 [main] logs - get title verification
[INFO ] 2024-05-05 19:57:22.060 [main] logs - get title verification
[INFO ] 2024-05-05 19:59:50.730 [main] logs - get title verification
[INFO ] 2024-05-05 20:16:04.410 [main] logs - get title verification
[INFO ] 2024-05-06 18:19:38.593 [main] logs - get title verification
[INFO ] 2024-05-08 18:57:55.775 [main] logs - get title verification
[INFO ] 2024-05-08 19:56:40.058 [main] logs - get title verification
[INFO ] 2024-05-08 20:09:28.507 [main] logs - get title verification
[INFO ] 2024-05-08 20:25:43.286 [main] logs - get title verification
[INFO ] 2024-05-09 17:39:49.535 [main] logs - get title verification
[INFO ] 2024-05-09 17:47:23.724 [main] logs - get title verification
[INFO ] 2024-05-09 17:57:45.138 [main] logs - get title verification
[INFO ] 2024-05-09 18:42:08.224 [main] logs - get title verification
[INFO ] 2024-05-11 18:27:00.409 [main] logs - get title verification
[INFO ] 2024-05-11 18:43:43.719 [main] logs - get title verification
[INFO ] 2024-05-11 19:03:47.720 [main] logs - get title verification
[INFO ] 2024-05-11 19:13:16.310 [main] logs - get title verification
[INFO ] 2024-05-12 12:03:03.831 [main] logs - get title verification
[INFO ] 2024-05-12 12:11:25.855 [main] logs - get title verification
[INFO ] 2024-05-12 12:19:26.016 [main] logs - get title verification
[INFO ] 2024-05-12 12:26:23.179 [main] logs - get title verification
[INFO ] 2024-05-12 12:33:05.872 [main] logs - get title verification
[INFO ] 2024-05-12 12:38:53.757 [main] logs - get title verification
[INFO ] 2024-05-12 12:46:42.340 [main] logs - get title verification
[INFO ] 2024-05-12 12:47:06.277 [main] logs - get title verification
[INFO ] 2024-05-12 12:47:31.265 [main] logs - get title verification
[INFO ] 2024-05-12 13:01:38.714 [main] logs - get title verification
[INFO ] 2024-05-12 13:06:37.650 [main] logs - get title verification
[INFO ] 2024-05-12 13:11:50.719 [main] logs - get title verification
[INFO ] 2024-05-12 13:17:34.167 [main] logs - get title verification
[INFO ] 2024-05-12 13:22:44.165 [main] logs - get title verification
[INFO ] 2024-05-13 01:50:28.156 [main] logs - get title verification
[INFO ] 2024-05-13 01:57:07.805 [main] logs - get title verification
[INFO ] 2024-05-13 02:01:47.281 [main] logs - get title verification
[INFO ] 2024-05-13 02:08:18.364 [main] logs - get title verification
[INFO ] 2024-05-13 02:15:11.544 [main] logs - get title verification
[INFO ] 2024-05-13 02:20:55.342 [main] logs - get title verification
[INFO ] 2024-05-13 15:20:51.984 [main] logs - get title verification
[INFO ] 2024-05-13 15:26:30.626 [main] logs - get title verification
[INFO ] 2024-05-13 15:31:06.875 [main] logs - get title verification
[INFO ] 2024-05-13 15:58:11.932 [main] logs - get title verification
[INFO ] 2024-05-13 16:04:16.683 [main] logs - get title verification
[INFO ] 2024-05-13 16:14:45.563 [main] logs - get title verification
[INFO ] 2024-05-13 16:21:00.519 [main] logs - get title verification
[INFO ] 2024-05-13 16:26:22.434 [main] logs - get title verification
[INFO ] 2024-05-13 16:33:17.194 [main] logs - get title verification
[INFO ] 2024-05-13 16:39:23.166 [main] logs - get title verification
[INFO ] 2024-05-13 16:44:52.074 [main] logs - get title verification
[INFO ] 2024-05-13 18:03:16.612 [main] logs - get title verification
[INFO ] 2024-05-13 18:08:25.091 [main] logs - get title verification
[INFO ] 2024-05-13 18:12:53.712 [main] logs - get title verification
[INFO ] 2024-05-13 18:17:55.800 [main] logs - get title verification
[INFO ] 2024-05-13 18:21:54.143 [main] logs - get title verification
[INFO ] 2024-05-13 18:34:19.388 [main] logs - get title verification
[INFO ] 2024-05-13 18:41:39.547 [main] logs - get title verification
[INFO ] 2024-05-13 18:46:40.216 [main] logs - get title verification
[INFO ] 2024-05-13 18:50:36.674 [main] logs - get title verification
[INFO ] 2024-05-14 13:07:29.518 [main] logs - get title verification
[INFO ] 2024-05-14 13:13:16.677 [main] logs - get title verification
[INFO ] 2024-05-14 13:17:33.899 [main] logs - get title verification
[INFO ] 2024-05-14 13:24:52.570 [main] logs - get title verification
[INFO ] 2024-05-14 13:30:16.905 [main] logs - get title verification
[INFO ] 2024-05-14 13:34:23.829 [main] logs - get title verification
[INFO ] 2024-05-14 14:40:30.612 [main] logs - get title verification
[INFO ] 2024-05-14 14:46:12.892 [main] logs - get title verification
[INFO ] 2024-05-14 14:50:58.113 [main] logs - get title verification
[INFO ] 2024-05-14 15:23:33.534 [main] logs - get title verification
[INFO ] 2024-05-14 15:29:04.906 [main] logs - get title verification
[INFO ] 2024-05-14 15:33:50.055 [main] logs - get title verification
[INFO ] 2024-05-14 15:45:23.850 [main] logs - get title verification
[INFO ] 2024-05-14 15:50:49.958 [main] logs - get title verification
[INFO ] 2024-05-14 15:55:00.342 [main] logs - get title verification
[INFO ] 2024-05-14 17:10:53.914 [main] logs - get title verification
[INFO ] 2024-05-14 17:16:25.896 [main] logs - get title verification
[INFO ] 2024-05-14 17:19:59.372 [main] logs - get title verification
[INFO ] 2024-05-14 17:38:35.888 [main] logs - get title verification
[INFO ] 2024-05-14 17:44:05.924 [main] logs - get title verification
[INFO ] 2024-05-14 17:48:55.386 [main] logs - get title verification
[INFO ] 2024-05-14 18:51:54.920 [main] logs - get title verification
[INFO ] 2024-05-16 16:57:00.586 [main] logs - get title verification
[INFO ] 2024-05-16 17:02:33.791 [main] logs - get title verification
[INFO ] 2024-05-16 17:07:32.574 [main] logs - get title verification
[INFO ] 2024-05-16 17:21:33.431 [main] logs - get title verification
[INFO ] 2024-05-16 17:27:09.564 [main] logs - get title verification
[INFO ] 2024-05-16 17:31:47.072 [main] logs - get title verification
[INFO ] 2024-05-16 17:37:20.329 [main] logs - get title verification
[INFO ] 2024-05-16 17:41:34.567 [main] logs - get title verification
[INFO ] 2024-05-16 18:42:47.362 [main] logs - get title verification
[INFO ] 2024-05-16 18:48:31.481 [main] logs - get title verification
[INFO ] 2024-05-16 18:53:00.763 [main] logs - get title verification
[INFO ] 2024-05-18 16:38:29.002 [main] logs - get title verification
[INFO ] 2024-05-18 16:39:31.357 [main] logs - get title verification
[INFO ] 2024-05-18 16:40:58.385 [main] logs - get title verification
